<?xml version="1.0" encoding="UTF-8"?>
<coverage generated="1683527961050" clover="3.2.0">
  <project timestamp="1683527961050" name="All files">
    <metrics statements="26" coveredstatements="11" conditionals="0" coveredconditionals="0" methods="12" coveredmethods="0" elements="38" coveredelements="11" complexity="0" loc="26" ncloc="26" packages="1" files="2" classes="2"/>
    <file name="db.js" path="/Users/alvinruan/Desktop/HackReactor/SDC/Rpp2210-Azalea-SDC-Product-Overview/database/db.js">
      <metrics statements="19" coveredstatements="7" conditionals="0" coveredconditionals="0" methods="11" coveredmethods="0"/>
      <line num="1" count="1" type="stmt"/>
      <line num="3" count="1" type="stmt"/>
      <line num="4" count="0" type="stmt"/>
      <line num="5" count="0" type="stmt"/>
      <line num="21" count="0" type="stmt"/>
      <line num="24" count="0" type="stmt"/>
      <line num="28" count="1" type="stmt"/>
      <line num="29" count="0" type="stmt"/>
      <line num="32" count="0" type="stmt"/>
      <line num="35" count="0" type="stmt"/>
      <line num="39" count="1" type="stmt"/>
      <line num="40" count="0" type="stmt"/>
      <line num="49" count="1" type="stmt"/>
      <line num="50" count="0" type="stmt"/>
      <line num="65" count="1" type="stmt"/>
      <line num="66" count="0" type="stmt"/>
      <line num="73" count="0" type="stmt"/>
      <line num="76" count="0" type="stmt"/>
      <line num="80" count="1" type="stmt"/>
    </file>
    <file name="postgreSQL.js" path="/Users/alvinruan/Desktop/HackReactor/SDC/Rpp2210-Azalea-SDC-Product-Overview/database/postgreSQL.js">
      <metrics statements="7" coveredstatements="4" conditionals="0" coveredconditionals="0" methods="1" coveredmethods="0"/>
      <line num="1" count="1" type="stmt"/>
      <line num="2" count="1" type="stmt"/>
      <line num="4" count="1" type="stmt"/>
      <line num="5" count="0" type="stmt"/>
      <line num="12" count="0" type="stmt"/>
      <line num="13" count="0" type="stmt"/>
      <line num="16" count="1" type="stmt"/>
    </file>
  </project>
</coverage>
