{"/Users/alvinruan/Desktop/HackReactor/SDC/Rpp2210-Azalea-SDC-Product-Overview/database/db.js": {"path":"/Users/alvinruan/Desktop/HackReactor/SDC/Rpp2210-Azalea-SDC-Product-Overview/database/db.js","statementMap":{"0":{"start":{"line":1,"column":19},"end":{"line":1,"column":45}},"1":{"start":{"line":3,"column":23},"end":{"line":26,"column":1}},"2":{"start":{"line":4,"column":15},"end":{"line":4,"column":27}},"3":{"start":{"line":5,"column":2},"end":{"line":25,"column":7}},"4":{"start":{"line":21,"column":6},"end":{"line":21,"column":29}},"5":{"start":{"line":24,"column":6},"end":{"line":24,"column":26}},"6":{"start":{"line":28,"column":20},"end":{"line":37,"column":1}},"7":{"start":{"line":29,"column":2},"end":{"line":36,"column":7}},"8":{"start":{"line":32,"column":6},"end":{"line":32,"column":29}},"9":{"start":{"line":35,"column":6},"end":{"line":35,"column":26}},"10":{"start":{"line":39,"column":18},"end":{"line":47,"column":1}},"11":{"start":{"line":40,"column":2},"end":{"line":46,"column":4}},"12":{"start":{"line":49,"column":20},"end":{"line":63,"column":1}},"13":{"start":{"line":50,"column":2},"end":{"line":62,"column":4}},"14":{"start":{"line":65,"column":19},"end":{"line":78,"column":1}},"15":{"start":{"line":66,"column":2},"end":{"line":77,"column":7}},"16":{"start":{"line":73,"column":6},"end":{"line":73,"column":29}},"17":{"start":{"line":76,"column":6},"end":{"line":76,"column":26}},"18":{"start":{"line":80,"column":0},"end":{"line":86,"column":2}}},"fnMap":{"0":{"name":"(anonymous_0)","decl":{"start":{"line":3,"column":23},"end":{"line":3,"column":24}},"loc":{"start":{"line":3,"column":41},"end":{"line":26,"column":1}},"line":3},"1":{"name":"(anonymous_1)","decl":{"start":{"line":20,"column":10},"end":{"line":20,"column":11}},"loc":{"start":{"line":20,"column":22},"end":{"line":22,"column":5}},"line":20},"2":{"name":"(anonymous_2)","decl":{"start":{"line":23,"column":11},"end":{"line":23,"column":12}},"loc":{"start":{"line":23,"column":20},"end":{"line":25,"column":5}},"line":23},"3":{"name":"(anonymous_3)","decl":{"start":{"line":28,"column":20},"end":{"line":28,"column":21}},"loc":{"start":{"line":28,"column":34},"end":{"line":37,"column":1}},"line":28},"4":{"name":"(anonymous_4)","decl":{"start":{"line":31,"column":10},"end":{"line":31,"column":11}},"loc":{"start":{"line":31,"column":22},"end":{"line":33,"column":5}},"line":31},"5":{"name":"(anonymous_5)","decl":{"start":{"line":34,"column":11},"end":{"line":34,"column":12}},"loc":{"start":{"line":34,"column":20},"end":{"line":36,"column":5}},"line":34},"6":{"name":"(anonymous_6)","decl":{"start":{"line":39,"column":18},"end":{"line":39,"column":19}},"loc":{"start":{"line":39,"column":36},"end":{"line":47,"column":1}},"line":39},"7":{"name":"(anonymous_7)","decl":{"start":{"line":49,"column":20},"end":{"line":49,"column":21}},"loc":{"start":{"line":49,"column":38},"end":{"line":63,"column":1}},"line":49},"8":{"name":"(anonymous_8)","decl":{"start":{"line":65,"column":19},"end":{"line":65,"column":20}},"loc":{"start":{"line":65,"column":37},"end":{"line":78,"column":1}},"line":65},"9":{"name":"(anonymous_9)","decl":{"start":{"line":72,"column":10},"end":{"line":72,"column":11}},"loc":{"start":{"line":72,"column":22},"end":{"line":74,"column":5}},"line":72},"10":{"name":"(anonymous_10)","decl":{"start":{"line":75,"column":11},"end":{"line":75,"column":12}},"loc":{"start":{"line":75,"column":20},"end":{"line":77,"column":5}},"line":75}},"branchMap":{},"s":{"0":1,"1":1,"2":0,"3":0,"4":0,"5":0,"6":1,"7":0,"8":0,"9":0,"10":1,"11":0,"12":1,"13":0,"14":1,"15":0,"16":0,"17":0,"18":1},"f":{"0":0,"1":0,"2":0,"3":0,"4":0,"5":0,"6":0,"7":0,"8":0,"9":0,"10":0},"b":{},"_coverageSchema":"1a1c01bbd47fc00a2c39e90264f33305004495a9","hash":"e56492a275e11bb000e4d3bac938aaf56d809aad"}
,"/Users/alvinruan/Desktop/HackReactor/SDC/Rpp2210-Azalea-SDC-Product-Overview/database/postgreSQL.js": {"path":"/Users/alvinruan/Desktop/HackReactor/SDC/Rpp2210-Azalea-SDC-Product-Overview/database/postgreSQL.js","statementMap":{"0":{"start":{"line":1,"column":17},"end":{"line":1,"column":30}},"1":{"start":{"line":2,"column":0},"end":{"line":2,"column":27}},"2":{"start":{"line":4,"column":19},"end":{"line":14,"column":1}},"3":{"start":{"line":5,"column":15},"end":{"line":11,"column":4}},"4":{"start":{"line":12,"column":2},"end":{"line":12,"column":17}},"5":{"start":{"line":13,"column":2},"end":{"line":13,"column":14}},"6":{"start":{"line":16,"column":0},"end":{"line":16,"column":28}}},"fnMap":{"0":{"name":"(anonymous_0)","decl":{"start":{"line":4,"column":19},"end":{"line":4,"column":20}},"loc":{"start":{"line":4,"column":25},"end":{"line":14,"column":1}},"line":4}},"branchMap":{},"s":{"0":1,"1":1,"2":1,"3":0,"4":0,"5":0,"6":1},"f":{"0":0},"b":{},"_coverageSchema":"1a1c01bbd47fc00a2c39e90264f33305004495a9","hash":"b51594cd6c46c9ae8df21d11d07ce19c2372dfbd"}
}
