{"/Users/alvinruan/Desktop/HackReactor/SDC/Rpp2210-Azalea-SDC-Product-Overview/model/db.js": {"path":"/Users/alvinruan/Desktop/HackReactor/SDC/Rpp2210-Azalea-SDC-Product-Overview/model/db.js","statementMap":{"0":{"start":{"line":1,"column":13},"end":{"line":1,"column":39}},"1":{"start":{"line":3,"column":23},"end":{"line":27,"column":1}},"2":{"start":{"line":4,"column":2},"end":{"line":26,"column":7}},"3":{"start":{"line":20,"column":6},"end":{"line":20,"column":50}},"4":{"start":{"line":21,"column":6},"end":{"line":21,"column":37}},"5":{"start":{"line":24,"column":6},"end":{"line":24,"column":37}},"6":{"start":{"line":25,"column":6},"end":{"line":25,"column":26}},"7":{"start":{"line":29,"column":20},"end":{"line":42,"column":1}},"8":{"start":{"line":30,"column":2},"end":{"line":41,"column":7}},"9":{"start":{"line":35,"column":6},"end":{"line":35,"column":56}},"10":{"start":{"line":36,"column":6},"end":{"line":36,"column":34}},"11":{"start":{"line":39,"column":6},"end":{"line":39,"column":37}},"12":{"start":{"line":40,"column":6},"end":{"line":40,"column":26}},"13":{"start":{"line":44,"column":18},"end":{"line":92,"column":1}},"14":{"start":{"line":45,"column":2},"end":{"line":91,"column":7}},"15":{"start":{"line":85,"column":6},"end":{"line":85,"column":56}},"16":{"start":{"line":86,"column":6},"end":{"line":86,"column":37}},"17":{"start":{"line":89,"column":6},"end":{"line":89,"column":37}},"18":{"start":{"line":90,"column":6},"end":{"line":90,"column":26}},"19":{"start":{"line":94,"column":20},"end":{"line":117,"column":1}},"20":{"start":{"line":95,"column":2},"end":{"line":116,"column":7}},"21":{"start":{"line":110,"column":6},"end":{"line":110,"column":59}},"22":{"start":{"line":111,"column":6},"end":{"line":111,"column":37}},"23":{"start":{"line":114,"column":6},"end":{"line":114,"column":37}},"24":{"start":{"line":115,"column":6},"end":{"line":115,"column":26}},"25":{"start":{"line":119,"column":19},"end":{"line":134,"column":1}},"26":{"start":{"line":120,"column":2},"end":{"line":133,"column":7}},"27":{"start":{"line":127,"column":6},"end":{"line":127,"column":70}},"28":{"start":{"line":128,"column":6},"end":{"line":128,"column":49}},"29":{"start":{"line":131,"column":6},"end":{"line":131,"column":37}},"30":{"start":{"line":132,"column":6},"end":{"line":132,"column":26}},"31":{"start":{"line":136,"column":0},"end":{"line":142,"column":2}}},"fnMap":{"0":{"name":"(anonymous_0)","decl":{"start":{"line":3,"column":23},"end":{"line":3,"column":24}},"loc":{"start":{"line":3,"column":41},"end":{"line":27,"column":1}},"line":3},"1":{"name":"(anonymous_1)","decl":{"start":{"line":19,"column":10},"end":{"line":19,"column":11}},"loc":{"start":{"line":19,"column":22},"end":{"line":22,"column":5}},"line":19},"2":{"name":"(anonymous_2)","decl":{"start":{"line":23,"column":11},"end":{"line":23,"column":12}},"loc":{"start":{"line":23,"column":20},"end":{"line":26,"column":5}},"line":23},"3":{"name":"(anonymous_3)","decl":{"start":{"line":29,"column":20},"end":{"line":29,"column":21}},"loc":{"start":{"line":29,"column":34},"end":{"line":42,"column":1}},"line":29},"4":{"name":"(anonymous_4)","decl":{"start":{"line":34,"column":10},"end":{"line":34,"column":11}},"loc":{"start":{"line":34,"column":22},"end":{"line":37,"column":5}},"line":34},"5":{"name":"(anonymous_5)","decl":{"start":{"line":38,"column":11},"end":{"line":38,"column":12}},"loc":{"start":{"line":38,"column":20},"end":{"line":41,"column":5}},"line":38},"6":{"name":"(anonymous_6)","decl":{"start":{"line":44,"column":18},"end":{"line":44,"column":19}},"loc":{"start":{"line":44,"column":36},"end":{"line":92,"column":1}},"line":44},"7":{"name":"(anonymous_7)","decl":{"start":{"line":84,"column":10},"end":{"line":84,"column":11}},"loc":{"start":{"line":84,"column":22},"end":{"line":87,"column":5}},"line":84},"8":{"name":"(anonymous_8)","decl":{"start":{"line":88,"column":11},"end":{"line":88,"column":12}},"loc":{"start":{"line":88,"column":20},"end":{"line":91,"column":5}},"line":88},"9":{"name":"(anonymous_9)","decl":{"start":{"line":94,"column":20},"end":{"line":94,"column":21}},"loc":{"start":{"line":94,"column":38},"end":{"line":117,"column":1}},"line":94},"10":{"name":"(anonymous_10)","decl":{"start":{"line":109,"column":10},"end":{"line":109,"column":11}},"loc":{"start":{"line":109,"column":22},"end":{"line":112,"column":5}},"line":109},"11":{"name":"(anonymous_11)","decl":{"start":{"line":113,"column":11},"end":{"line":113,"column":12}},"loc":{"start":{"line":113,"column":20},"end":{"line":116,"column":5}},"line":113},"12":{"name":"(anonymous_12)","decl":{"start":{"line":119,"column":19},"end":{"line":119,"column":20}},"loc":{"start":{"line":119,"column":37},"end":{"line":134,"column":1}},"line":119},"13":{"name":"(anonymous_13)","decl":{"start":{"line":126,"column":10},"end":{"line":126,"column":11}},"loc":{"start":{"line":126,"column":22},"end":{"line":129,"column":5}},"line":126},"14":{"name":"(anonymous_14)","decl":{"start":{"line":130,"column":11},"end":{"line":130,"column":12}},"loc":{"start":{"line":130,"column":20},"end":{"line":133,"column":5}},"line":130}},"branchMap":{},"s":{"0":1,"1":1,"2":0,"3":0,"4":0,"5":0,"6":0,"7":1,"8":0,"9":0,"10":0,"11":0,"12":0,"13":1,"14":0,"15":0,"16":0,"17":0,"18":0,"19":1,"20":0,"21":0,"22":0,"23":0,"24":0,"25":1,"26":0,"27":0,"28":0,"29":0,"30":0,"31":1},"f":{"0":0,"1":0,"2":0,"3":0,"4":0,"5":0,"6":0,"7":0,"8":0,"9":0,"10":0,"11":0,"12":0,"13":0,"14":0},"b":{},"_coverageSchema":"1a1c01bbd47fc00a2c39e90264f33305004495a9","hash":"19b34f5e04c22bc3e7ac559bfe10e7413030aa4f"}
,"/Users/alvinruan/Desktop/HackReactor/SDC/Rpp2210-Azalea-SDC-Product-Overview/model/postgreSQL.js": {"path":"/Users/alvinruan/Desktop/HackReactor/SDC/Rpp2210-Azalea-SDC-Product-Overview/model/postgreSQL.js","statementMap":{"0":{"start":{"line":1,"column":19},"end":{"line":1,"column":32}},"1":{"start":{"line":2,"column":0},"end":{"line":2,"column":27}},"2":{"start":{"line":4,"column":15},"end":{"line":10,"column":2}},"3":{"start":{"line":12,"column":0},"end":{"line":18,"column":3}},"4":{"start":{"line":13,"column":2},"end":{"line":16,"column":3}},"5":{"start":{"line":14,"column":4},"end":{"line":14,"column":60}},"6":{"start":{"line":15,"column":4},"end":{"line":15,"column":11}},"7":{"start":{"line":17,"column":2},"end":{"line":17,"column":43}},"8":{"start":{"line":20,"column":0},"end":{"line":20,"column":24}}},"fnMap":{"0":{"name":"(anonymous_0)","decl":{"start":{"line":12,"column":15},"end":{"line":12,"column":16}},"loc":{"start":{"line":12,"column":41},"end":{"line":18,"column":1}},"line":12}},"branchMap":{"0":{"loc":{"start":{"line":13,"column":2},"end":{"line":16,"column":3}},"type":"if","locations":[{"start":{"line":13,"column":2},"end":{"line":16,"column":3}},{"start":{},"end":{}}],"line":13}},"s":{"0":1,"1":1,"2":1,"3":1,"4":1,"5":0,"6":0,"7":1,"8":1},"f":{"0":1},"b":{"0":[0,1]},"_coverageSchema":"1a1c01bbd47fc00a2c39e90264f33305004495a9","hash":"6a865c1823e6fdef4ff7eba19d9bb17fac548c77"}
,"/Users/alvinruan/Desktop/HackReactor/SDC/Rpp2210-Azalea-SDC-Product-Overview/server/index.js": {"path":"/Users/alvinruan/Desktop/HackReactor/SDC/Rpp2210-Azalea-SDC-Product-Overview/server/index.js","statementMap":{"0":{"start":{"line":1,"column":16},"end":{"line":1,"column":34}},"1":{"start":{"line":2,"column":11},"end":{"line":2,"column":36}},"2":{"start":{"line":4,"column":12},"end":{"line":4,"column":21}},"3":{"start":{"line":6,"column":0},"end":{"line":10,"column":2}},"4":{"start":{"line":12,"column":0},"end":{"line":20,"column":3}},"5":{"start":{"line":13,"column":2},"end":{"line":19,"column":5}},"6":{"start":{"line":14,"column":4},"end":{"line":18,"column":5}},"7":{"start":{"line":15,"column":6},"end":{"line":15,"column":32}},"8":{"start":{"line":17,"column":6},"end":{"line":17,"column":21}},"9":{"start":{"line":22,"column":0},"end":{"line":31,"column":3}},"10":{"start":{"line":23,"column":17},"end":{"line":23,"column":26}},"11":{"start":{"line":24,"column":2},"end":{"line":30,"column":5}},"12":{"start":{"line":25,"column":4},"end":{"line":29,"column":5}},"13":{"start":{"line":26,"column":6},"end":{"line":26,"column":32}},"14":{"start":{"line":28,"column":6},"end":{"line":28,"column":21}},"15":{"start":{"line":33,"column":0},"end":{"line":43,"column":3}},"16":{"start":{"line":34,"column":17},"end":{"line":34,"column":26}},"17":{"start":{"line":35,"column":2},"end":{"line":35,"column":39}},"18":{"start":{"line":36,"column":2},"end":{"line":42,"column":5}},"19":{"start":{"line":37,"column":4},"end":{"line":41,"column":5}},"20":{"start":{"line":38,"column":6},"end":{"line":38,"column":32}},"21":{"start":{"line":40,"column":6},"end":{"line":40,"column":21}},"22":{"start":{"line":45,"column":0},"end":{"line":54,"column":3}},"23":{"start":{"line":46,"column":17},"end":{"line":46,"column":26}},"24":{"start":{"line":47,"column":2},"end":{"line":53,"column":5}},"25":{"start":{"line":48,"column":4},"end":{"line":52,"column":5}},"26":{"start":{"line":49,"column":6},"end":{"line":49,"column":32}},"27":{"start":{"line":51,"column":6},"end":{"line":51,"column":21}},"28":{"start":{"line":56,"column":0},"end":{"line":65,"column":3}},"29":{"start":{"line":57,"column":17},"end":{"line":57,"column":26}},"30":{"start":{"line":58,"column":2},"end":{"line":64,"column":5}},"31":{"start":{"line":59,"column":4},"end":{"line":63,"column":5}},"32":{"start":{"line":60,"column":6},"end":{"line":60,"column":32}},"33":{"start":{"line":62,"column":6},"end":{"line":62,"column":21}},"34":{"start":{"line":67,"column":13},"end":{"line":67,"column":17}},"35":{"start":{"line":68,"column":0},"end":{"line":70,"column":3}},"36":{"start":{"line":69,"column":2},"end":{"line":69,"column":43}},"37":{"start":{"line":72,"column":0},"end":{"line":72,"column":25}}},"fnMap":{"0":{"name":"(anonymous_0)","decl":{"start":{"line":12,"column":21},"end":{"line":12,"column":22}},"loc":{"start":{"line":12,"column":35},"end":{"line":20,"column":1}},"line":12},"1":{"name":"(anonymous_1)","decl":{"start":{"line":13,"column":17},"end":{"line":13,"column":18}},"loc":{"start":{"line":13,"column":32},"end":{"line":19,"column":3}},"line":13},"2":{"name":"(anonymous_2)","decl":{"start":{"line":22,"column":24},"end":{"line":22,"column":25}},"loc":{"start":{"line":22,"column":38},"end":{"line":31,"column":1}},"line":22},"3":{"name":"(anonymous_3)","decl":{"start":{"line":24,"column":24},"end":{"line":24,"column":25}},"loc":{"start":{"line":24,"column":39},"end":{"line":30,"column":3}},"line":24},"4":{"name":"(anonymous_4)","decl":{"start":{"line":33,"column":19},"end":{"line":33,"column":20}},"loc":{"start":{"line":33,"column":33},"end":{"line":43,"column":1}},"line":33},"5":{"name":"(anonymous_5)","decl":{"start":{"line":36,"column":19},"end":{"line":36,"column":20}},"loc":{"start":{"line":36,"column":34},"end":{"line":42,"column":3}},"line":36},"6":{"name":"(anonymous_6)","decl":{"start":{"line":45,"column":21},"end":{"line":45,"column":22}},"loc":{"start":{"line":45,"column":35},"end":{"line":54,"column":1}},"line":45},"7":{"name":"(anonymous_7)","decl":{"start":{"line":47,"column":21},"end":{"line":47,"column":22}},"loc":{"start":{"line":47,"column":36},"end":{"line":53,"column":3}},"line":47},"8":{"name":"(anonymous_8)","decl":{"start":{"line":56,"column":20},"end":{"line":56,"column":21}},"loc":{"start":{"line":56,"column":34},"end":{"line":65,"column":1}},"line":56},"9":{"name":"(anonymous_9)","decl":{"start":{"line":58,"column":20},"end":{"line":58,"column":21}},"loc":{"start":{"line":58,"column":35},"end":{"line":64,"column":3}},"line":58},"10":{"name":"(anonymous_10)","decl":{"start":{"line":68,"column":17},"end":{"line":68,"column":18}},"loc":{"start":{"line":68,"column":23},"end":{"line":70,"column":1}},"line":68}},"branchMap":{"0":{"loc":{"start":{"line":14,"column":4},"end":{"line":18,"column":5}},"type":"if","locations":[{"start":{"line":14,"column":4},"end":{"line":18,"column":5}},{"start":{"line":16,"column":11},"end":{"line":18,"column":5}}],"line":14},"1":{"loc":{"start":{"line":25,"column":4},"end":{"line":29,"column":5}},"type":"if","locations":[{"start":{"line":25,"column":4},"end":{"line":29,"column":5}},{"start":{"line":27,"column":11},"end":{"line":29,"column":5}}],"line":25},"2":{"loc":{"start":{"line":37,"column":4},"end":{"line":41,"column":5}},"type":"if","locations":[{"start":{"line":37,"column":4},"end":{"line":41,"column":5}},{"start":{"line":39,"column":11},"end":{"line":41,"column":5}}],"line":37},"3":{"loc":{"start":{"line":48,"column":4},"end":{"line":52,"column":5}},"type":"if","locations":[{"start":{"line":48,"column":4},"end":{"line":52,"column":5}},{"start":{"line":50,"column":11},"end":{"line":52,"column":5}}],"line":48},"4":{"loc":{"start":{"line":59,"column":4},"end":{"line":63,"column":5}},"type":"if","locations":[{"start":{"line":59,"column":4},"end":{"line":63,"column":5}},{"start":{"line":61,"column":11},"end":{"line":63,"column":5}}],"line":59}},"s":{"0":1,"1":1,"2":1,"3":1,"4":1,"5":0,"6":0,"7":0,"8":0,"9":1,"10":0,"11":0,"12":0,"13":0,"14":0,"15":1,"16":0,"17":0,"18":0,"19":0,"20":0,"21":0,"22":1,"23":0,"24":0,"25":0,"26":0,"27":0,"28":1,"29":0,"30":0,"31":0,"32":0,"33":0,"34":1,"35":1,"36":1,"37":1},"f":{"0":0,"1":0,"2":0,"3":0,"4":0,"5":0,"6":0,"7":0,"8":0,"9":0,"10":1},"b":{"0":[0,0],"1":[0,0],"2":[0,0],"3":[0,0],"4":[0,0]},"_coverageSchema":"1a1c01bbd47fc00a2c39e90264f33305004495a9","hash":"e2ca97f8f40c03fdb18e86f9acfb28f699fdf7bc"}
}
