TN:
SF:database/db.js
FN:3,(anonymous_0)
FN:20,(anonymous_1)
FN:23,(anonymous_2)
FN:28,(anonymous_3)
FN:31,(anonymous_4)
FN:34,(anonymous_5)
FN:39,(anonymous_6)
FN:49,(anonymous_7)
FN:65,(anonymous_8)
FN:72,(anonymous_9)
FN:75,(anonymous_10)
FNF:11
FNH:0
FNDA:0,(anonymous_0)
FNDA:0,(anonymous_1)
FNDA:0,(anonymous_2)
FNDA:0,(anonymous_3)
FNDA:0,(anonymous_4)
FNDA:0,(anonymous_5)
FNDA:0,(anonymous_6)
FNDA:0,(anonymous_7)
FNDA:0,(anonymous_8)
FNDA:0,(anonymous_9)
FNDA:0,(anonymous_10)
DA:1,1
DA:3,1
DA:4,0
DA:5,0
DA:21,0
DA:24,0
DA:28,1
DA:29,0
DA:32,0
DA:35,0
DA:39,1
DA:40,0
DA:49,1
DA:50,0
DA:65,1
DA:66,0
DA:73,0
DA:76,0
DA:80,1
LF:19
LH:7
BRF:0
BRH:0
end_of_record
TN:
SF:database/postgreSQL.js
FN:4,(anonymous_0)
FNF:1
FNH:0
FNDA:0,(anonymous_0)
DA:1,1
DA:2,1
DA:4,1
DA:5,0
DA:12,0
DA:13,0
DA:16,1
LF:7
LH:4
BRF:0
BRH:0
end_of_record
